<?xml version="1.0" encoding="UTF-8"?>
<!-- Generated by org.testng.reporters.JUnitReportReporter -->
<testsuite hostname="PC-PC" name="testcase.DiscuzLogin" tests="1" failures="0" timestamp="30 May 2018 12:10:10 GMT" time="2.484" errors="0">
  <testcase name="login" time="2.484" classname="testcase.DiscuzLogin"/>
</testsuite> <!-- testcase.DiscuzLogin -->
