<?xml version="1.0" encoding="UTF-8" ?>
<testsuite tests="2" failures="1" name="TestSuite" time="60.839" errors="0" skipped="0">
  <properties>
    <property name="java.runtime.name" value="Java(TM) SE Runtime Environment"/>
    <property name="sun.boot.library.path" value="C:\Program Files\Java\jdk1.8.0_161\jre\bin"/>
    <property name="java.vm.version" value="25.161-b12"/>
    <property name="java.vm.vendor" value="Oracle Corporation"/>
    <property name="java.vendor.url" value="http://java.oracle.com/"/>
    <property name="path.separator" value=";"/>
    <property name="java.vm.name" value="Java HotSpot(TM) 64-Bit Server VM"/>
    <property name="file.encoding.pkg" value="sun.io"/>
    <property name="user.script" value=""/>
    <property name="user.country" value="CN"/>
    <property name="sun.java.launcher" value="SUN_STANDARD"/>
    <property name="sun.os.patch.level" value="Service Pack 1"/>
    <property name="java.vm.specification.name" value="Java Virtual Machine Specification"/>
    <property name="user.dir" value="E:\haotest\AutoScripts\Discuz"/>
    <property name="java.runtime.version" value="1.8.0_161-b12"/>
    <property name="java.awt.graphicsenv" value="sun.awt.Win32GraphicsEnvironment"/>
    <property name="basedir" value="E:\haotest\AutoScripts\Discuz"/>
    <property name="java.endorsed.dirs" value="C:\Program Files\Java\jdk1.8.0_161\jre\lib\endorsed"/>
    <property name="os.arch" value="amd64"/>
    <property name="surefire.real.class.path" value="C:\Users\PC\AppData\Local\Temp\surefirebooter8247974736773375693.jar"/>
    <property name="java.io.tmpdir" value="C:\Users\PC\AppData\Local\Temp\"/>
    <property name="line.separator" value="
"/>
    <property name="java.vm.specification.vendor" value="Oracle Corporation"/>
    <property name="user.variant" value=""/>
    <property name="os.name" value="Windows 7"/>
    <property name="sun.jnu.encoding" value="GBK"/>
    <property name="java.library.path" value="C:\Program Files\Java\jdk1.8.0_161\jre\bin;C:\Windows\Sun\Java\bin;C:\Windows\system32;C:\Windows;E:\haotest\Selenium\maven\maven-3.0.5\bin;C:\Program Files (x86)\Common Files\NetSarang;C:\Program Files\Java\jdk1.8.0_161\bin;C:\ProgramData\Oracle\Java\javapath;C:\Program Files\Java\jdk1.8.0_161\bin;C:\Program Files (x86)\HP\NV\lib\shunra\vcat;C:\Program Files\Java\jdk1.8.0_161\bin;C:\Windows\SYSTEM32;C:\Windows;C:\Windows\SYSTEM32\WBEM;C:\Windows\SYSTEM32\WINDOWSPOWERSHELL\V1.0\;C:\Program Files\Lenovo\Bluetooth Software\;C:\Program Files\Lenovo\Bluetooth Software\syswow64;C:\Program Files\MySQL\MySQL Utilities 1.6\;C:\Program Files (x86)\HP\LoadRunner\strawberry-perl\perl\bin;C:\Program Files (x86)\HP\NV\lib\thirdparty\safenet\LDK\7.0;C:\Program Files (x86)\HP\NV\lib\shunra\snv;F:\Git\cmd;C:\Program Files\adt-bundle-windows\sdk\tools;C:\Program Files\adt-bundle-windows\sdk\platform-tools;D:\python;D:\Python\Scripts;."/>
    <property name="surefire.test.class.path" value="E:\haotest\AutoScripts\Discuz\target\test-classes;E:\haotest\AutoScripts\Discuz\target\classes;E:\haotest\Selenium\maven\cangku\userlib\org\seleniumhq\selenium\selenium-java\3.3.1\selenium-java-3.3.1.jar;E:\haotest\Selenium\maven\cangku\userlib\org\seleniumhq\selenium\selenium-chrome-driver\3.3.1\selenium-chrome-driver-3.3.1.jar;E:\haotest\Selenium\maven\cangku\userlib\org\seleniumhq\selenium\selenium-edge-driver\3.3.1\selenium-edge-driver-3.3.1.jar;E:\haotest\Selenium\maven\cangku\userlib\org\seleniumhq\selenium\selenium-ie-driver\3.3.1\selenium-ie-driver-3.3.1.jar;E:\haotest\Selenium\maven\cangku\userlib\org\seleniumhq\selenium\selenium-opera-driver\3.3.1\selenium-opera-driver-3.3.1.jar;E:\haotest\Selenium\maven\cangku\userlib\org\seleniumhq\selenium\selenium-safari-driver\3.3.1\selenium-safari-driver-3.3.1.jar;E:\haotest\Selenium\maven\cangku\userlib\com\codeborne\phantomjsdriver\1.4.0\phantomjsdriver-1.4.0.jar;E:\haotest\Selenium\maven\cangku\userlib\org\seleniumhq\selenium\htmlunit-driver\2.24\htmlunit-driver-2.24.jar;E:\haotest\Selenium\maven\cangku\userlib\org\seleniumhq\selenium\selenium-support\3.12.0\selenium-support-3.12.0.jar;E:\haotest\Selenium\maven\cangku\userlib\net\bytebuddy\byte-buddy\1.8.3\byte-buddy-1.8.3.jar;E:\haotest\Selenium\maven\cangku\userlib\com\squareup\okhttp3\okhttp\3.9.1\okhttp-3.9.1.jar;E:\haotest\Selenium\maven\cangku\userlib\com\squareup\okio\okio\1.13.0\okio-1.13.0.jar;E:\haotest\Selenium\maven\cangku\userlib\net\sourceforge\htmlunit\htmlunit\2.24\htmlunit-2.24.jar;E:\haotest\Selenium\maven\cangku\userlib\xalan\xalan\2.7.2\xalan-2.7.2.jar;E:\haotest\Selenium\maven\cangku\userlib\xalan\serializer\2.7.2\serializer-2.7.2.jar;E:\haotest\Selenium\maven\cangku\userlib\org\apache\commons\commons-lang3\3.5\commons-lang3-3.5.jar;E:\haotest\Selenium\maven\cangku\userlib\org\apache\httpcomponents\httpmime\4.5.2\httpmime-4.5.2.jar;E:\haotest\Selenium\maven\cangku\userlib\net\sourceforge\htmlunit\htmlunit-core-js\2.23\htmlunit-core-js-2.23.jar;E:\haotest\Selenium\maven\cangku\userlib\net\sourceforge\htmlunit\neko-htmlunit\2.24\neko-htmlunit-2.24.jar;E:\haotest\Selenium\maven\cangku\userlib\xerces\xercesImpl\2.11.0\xercesImpl-2.11.0.jar;E:\haotest\Selenium\maven\cangku\userlib\xml-apis\xml-apis\1.4.01\xml-apis-1.4.01.jar;E:\haotest\Selenium\maven\cangku\userlib\net\sourceforge\cssparser\cssparser\0.9.21\cssparser-0.9.21.jar;E:\haotest\Selenium\maven\cangku\userlib\org\w3c\css\sac\1.3\sac-1.3.jar;E:\haotest\Selenium\maven\cangku\userlib\commons-io\commons-io\2.5\commons-io-2.5.jar;E:\haotest\Selenium\maven\cangku\userlib\org\eclipse\jetty\websocket\websocket-client\9.2.20.v20161216\websocket-client-9.2.20.v20161216.jar;E:\haotest\Selenium\maven\cangku\userlib\org\eclipse\jetty\jetty-util\9.2.20.v20161216\jetty-util-9.2.20.v20161216.jar;E:\haotest\Selenium\maven\cangku\userlib\org\eclipse\jetty\jetty-io\9.2.20.v20161216\jetty-io-9.2.20.v20161216.jar;E:\haotest\Selenium\maven\cangku\userlib\org\eclipse\jetty\websocket\websocket-common\9.2.20.v20161216\websocket-common-9.2.20.v20161216.jar;E:\haotest\Selenium\maven\cangku\userlib\org\eclipse\jetty\websocket\websocket-api\9.2.20.v20161216\websocket-api-9.2.20.v20161216.jar;E:\haotest\Selenium\maven\cangku\userlib\org\testng\testng\6.9.10\testng-6.9.10.jar;E:\haotest\Selenium\maven\cangku\userlib\com\beust\jcommander\1.48\jcommander-1.48.jar;E:\haotest\Selenium\maven\cangku\userlib\org\beanshell\bsh\2.0b4\bsh-2.0b4.jar;E:\haotest\Selenium\maven\cangku\userlib\log4j\log4j\1.2.16\log4j-1.2.16.jar;E:\haotest\Selenium\maven\cangku\userlib\org\seleniumhq\selenium\selenium-firefox-driver\3.5.1\selenium-firefox-driver-3.5.1.jar;E:\haotest\Selenium\maven\cangku\userlib\org\seleniumhq\selenium\selenium-api\3.5.1\selenium-api-3.5.1.jar;E:\haotest\Selenium\maven\cangku\userlib\org\seleniumhq\selenium\selenium-remote-driver\3.5.1\selenium-remote-driver-3.5.1.jar;E:\haotest\Selenium\maven\cangku\userlib\cglib\cglib-nodep\3.2.4\cglib-nodep-3.2.4.jar;E:\haotest\Selenium\maven\cangku\userlib\org\apache\commons\commons-exec\1.3\commons-exec-1.3.jar;E:\haotest\Selenium\maven\cangku\userlib\commons-codec\commons-codec\1.10\commons-codec-1.10.jar;E:\haotest\Selenium\maven\cangku\userlib\commons-logging\commons-logging\1.2\commons-logging-1.2.jar;E:\haotest\Selenium\maven\cangku\userlib\com\google\code\gson\gson\2.8.0\gson-2.8.0.jar;E:\haotest\Selenium\maven\cangku\userlib\com\google\guava\guava\23.0\guava-23.0.jar;E:\haotest\Selenium\maven\cangku\userlib\com\google\code\findbugs\jsr305\1.3.9\jsr305-1.3.9.jar;E:\haotest\Selenium\maven\cangku\userlib\com\google\errorprone\error_prone_annotations\2.0.18\error_prone_annotations-2.0.18.jar;E:\haotest\Selenium\maven\cangku\userlib\com\google\j2objc\j2objc-annotations\1.1\j2objc-annotations-1.1.jar;E:\haotest\Selenium\maven\cangku\userlib\org\codehaus\mojo\animal-sniffer-annotations\1.14\animal-sniffer-annotations-1.14.jar;E:\haotest\Selenium\maven\cangku\userlib\org\apache\httpcomponents\httpclient\4.5.3\httpclient-4.5.3.jar;E:\haotest\Selenium\maven\cangku\userlib\org\apache\httpcomponents\httpcore\4.4.6\httpcore-4.4.6.jar;E:\haotest\Selenium\maven\cangku\userlib\net\java\dev\jna\jna\4.1.0\jna-4.1.0.jar;E:\haotest\Selenium\maven\cangku\userlib\net\java\dev\jna\jna-platform\4.1.0\jna-platform-4.1.0.jar;"/>
    <property name="java.specification.name" value="Java Platform API Specification"/>
    <property name="java.class.version" value="52.0"/>
    <property name="sun.management.compiler" value="HotSpot 64-Bit Tiered Compilers"/>
    <property name="os.version" value="6.1"/>
    <property name="user.home" value="C:\Users\PC"/>
    <property name="user.timezone" value="Asia/Shanghai"/>
    <property name="java.awt.printerjob" value="sun.awt.windows.WPrinterJob"/>
    <property name="java.specification.version" value="1.8"/>
    <property name="file.encoding" value="GBK"/>
    <property name="user.name" value="PC"/>
    <property name="java.class.path" value="E:\haotest\AutoScripts\Discuz\target\test-classes;E:\haotest\AutoScripts\Discuz\target\classes;E:\haotest\Selenium\maven\cangku\userlib\org\seleniumhq\selenium\selenium-java\3.3.1\selenium-java-3.3.1.jar;E:\haotest\Selenium\maven\cangku\userlib\org\seleniumhq\selenium\selenium-chrome-driver\3.3.1\selenium-chrome-driver-3.3.1.jar;E:\haotest\Selenium\maven\cangku\userlib\org\seleniumhq\selenium\selenium-edge-driver\3.3.1\selenium-edge-driver-3.3.1.jar;E:\haotest\Selenium\maven\cangku\userlib\org\seleniumhq\selenium\selenium-ie-driver\3.3.1\selenium-ie-driver-3.3.1.jar;E:\haotest\Selenium\maven\cangku\userlib\org\seleniumhq\selenium\selenium-opera-driver\3.3.1\selenium-opera-driver-3.3.1.jar;E:\haotest\Selenium\maven\cangku\userlib\org\seleniumhq\selenium\selenium-safari-driver\3.3.1\selenium-safari-driver-3.3.1.jar;E:\haotest\Selenium\maven\cangku\userlib\com\codeborne\phantomjsdriver\1.4.0\phantomjsdriver-1.4.0.jar;E:\haotest\Selenium\maven\cangku\userlib\org\seleniumhq\selenium\htmlunit-driver\2.24\htmlunit-driver-2.24.jar;E:\haotest\Selenium\maven\cangku\userlib\org\seleniumhq\selenium\selenium-support\3.12.0\selenium-support-3.12.0.jar;E:\haotest\Selenium\maven\cangku\userlib\net\bytebuddy\byte-buddy\1.8.3\byte-buddy-1.8.3.jar;E:\haotest\Selenium\maven\cangku\userlib\com\squareup\okhttp3\okhttp\3.9.1\okhttp-3.9.1.jar;E:\haotest\Selenium\maven\cangku\userlib\com\squareup\okio\okio\1.13.0\okio-1.13.0.jar;E:\haotest\Selenium\maven\cangku\userlib\net\sourceforge\htmlunit\htmlunit\2.24\htmlunit-2.24.jar;E:\haotest\Selenium\maven\cangku\userlib\xalan\xalan\2.7.2\xalan-2.7.2.jar;E:\haotest\Selenium\maven\cangku\userlib\xalan\serializer\2.7.2\serializer-2.7.2.jar;E:\haotest\Selenium\maven\cangku\userlib\org\apache\commons\commons-lang3\3.5\commons-lang3-3.5.jar;E:\haotest\Selenium\maven\cangku\userlib\org\apache\httpcomponents\httpmime\4.5.2\httpmime-4.5.2.jar;E:\haotest\Selenium\maven\cangku\userlib\net\sourceforge\htmlunit\htmlunit-core-js\2.23\htmlunit-core-js-2.23.jar;E:\haotest\Selenium\maven\cangku\userlib\net\sourceforge\htmlunit\neko-htmlunit\2.24\neko-htmlunit-2.24.jar;E:\haotest\Selenium\maven\cangku\userlib\xerces\xercesImpl\2.11.0\xercesImpl-2.11.0.jar;E:\haotest\Selenium\maven\cangku\userlib\xml-apis\xml-apis\1.4.01\xml-apis-1.4.01.jar;E:\haotest\Selenium\maven\cangku\userlib\net\sourceforge\cssparser\cssparser\0.9.21\cssparser-0.9.21.jar;E:\haotest\Selenium\maven\cangku\userlib\org\w3c\css\sac\1.3\sac-1.3.jar;E:\haotest\Selenium\maven\cangku\userlib\commons-io\commons-io\2.5\commons-io-2.5.jar;E:\haotest\Selenium\maven\cangku\userlib\org\eclipse\jetty\websocket\websocket-client\9.2.20.v20161216\websocket-client-9.2.20.v20161216.jar;E:\haotest\Selenium\maven\cangku\userlib\org\eclipse\jetty\jetty-util\9.2.20.v20161216\jetty-util-9.2.20.v20161216.jar;E:\haotest\Selenium\maven\cangku\userlib\org\eclipse\jetty\jetty-io\9.2.20.v20161216\jetty-io-9.2.20.v20161216.jar;E:\haotest\Selenium\maven\cangku\userlib\org\eclipse\jetty\websocket\websocket-common\9.2.20.v20161216\websocket-common-9.2.20.v20161216.jar;E:\haotest\Selenium\maven\cangku\userlib\org\eclipse\jetty\websocket\websocket-api\9.2.20.v20161216\websocket-api-9.2.20.v20161216.jar;E:\haotest\Selenium\maven\cangku\userlib\org\testng\testng\6.9.10\testng-6.9.10.jar;E:\haotest\Selenium\maven\cangku\userlib\com\beust\jcommander\1.48\jcommander-1.48.jar;E:\haotest\Selenium\maven\cangku\userlib\org\beanshell\bsh\2.0b4\bsh-2.0b4.jar;E:\haotest\Selenium\maven\cangku\userlib\log4j\log4j\1.2.16\log4j-1.2.16.jar;E:\haotest\Selenium\maven\cangku\userlib\org\seleniumhq\selenium\selenium-firefox-driver\3.5.1\selenium-firefox-driver-3.5.1.jar;E:\haotest\Selenium\maven\cangku\userlib\org\seleniumhq\selenium\selenium-api\3.5.1\selenium-api-3.5.1.jar;E:\haotest\Selenium\maven\cangku\userlib\org\seleniumhq\selenium\selenium-remote-driver\3.5.1\selenium-remote-driver-3.5.1.jar;E:\haotest\Selenium\maven\cangku\userlib\cglib\cglib-nodep\3.2.4\cglib-nodep-3.2.4.jar;E:\haotest\Selenium\maven\cangku\userlib\org\apache\commons\commons-exec\1.3\commons-exec-1.3.jar;E:\haotest\Selenium\maven\cangku\userlib\commons-codec\commons-codec\1.10\commons-codec-1.10.jar;E:\haotest\Selenium\maven\cangku\userlib\commons-logging\commons-logging\1.2\commons-logging-1.2.jar;E:\haotest\Selenium\maven\cangku\userlib\com\google\code\gson\gson\2.8.0\gson-2.8.0.jar;E:\haotest\Selenium\maven\cangku\userlib\com\google\guava\guava\23.0\guava-23.0.jar;E:\haotest\Selenium\maven\cangku\userlib\com\google\code\findbugs\jsr305\1.3.9\jsr305-1.3.9.jar;E:\haotest\Selenium\maven\cangku\userlib\com\google\errorprone\error_prone_annotations\2.0.18\error_prone_annotations-2.0.18.jar;E:\haotest\Selenium\maven\cangku\userlib\com\google\j2objc\j2objc-annotations\1.1\j2objc-annotations-1.1.jar;E:\haotest\Selenium\maven\cangku\userlib\org\codehaus\mojo\animal-sniffer-annotations\1.14\animal-sniffer-annotations-1.14.jar;E:\haotest\Selenium\maven\cangku\userlib\org\apache\httpcomponents\httpclient\4.5.3\httpclient-4.5.3.jar;E:\haotest\Selenium\maven\cangku\userlib\org\apache\httpcomponents\httpcore\4.4.6\httpcore-4.4.6.jar;E:\haotest\Selenium\maven\cangku\userlib\net\java\dev\jna\jna\4.1.0\jna-4.1.0.jar;E:\haotest\Selenium\maven\cangku\userlib\net\java\dev\jna\jna-platform\4.1.0\jna-platform-4.1.0.jar;"/>
    <property name="java.vm.specification.version" value="1.8"/>
    <property name="sun.arch.data.model" value="64"/>
    <property name="java.home" value="C:\Program Files\Java\jdk1.8.0_161\jre"/>
    <property name="sun.java.command" value="C:\Users\PC\AppData\Local\Temp\surefirebooter8247974736773375693.jar C:\Users\PC\AppData\Local\Temp\surefire5908215651893941552tmp C:\Users\PC\AppData\Local\Temp\surefire8802795026715894284tmp"/>
    <property name="java.specification.vendor" value="Oracle Corporation"/>
    <property name="user.language" value="zh"/>
    <property name="awt.toolkit" value="sun.awt.windows.WToolkit"/>
    <property name="java.vm.info" value="mixed mode"/>
    <property name="java.version" value="1.8.0_161"/>
    <property name="java.ext.dirs" value="C:\Program Files\Java\jdk1.8.0_161\jre\lib\ext;C:\Windows\Sun\Java\lib\ext"/>
    <property name="sun.boot.class.path" value="C:\Program Files\Java\jdk1.8.0_161\jre\lib\resources.jar;C:\Program Files\Java\jdk1.8.0_161\jre\lib\rt.jar;C:\Program Files\Java\jdk1.8.0_161\jre\lib\sunrsasign.jar;C:\Program Files\Java\jdk1.8.0_161\jre\lib\jsse.jar;C:\Program Files\Java\jdk1.8.0_161\jre\lib\jce.jar;C:\Program Files\Java\jdk1.8.0_161\jre\lib\charsets.jar;C:\Program Files\Java\jdk1.8.0_161\jre\lib\jfr.jar;C:\Program Files\Java\jdk1.8.0_161\jre\classes"/>
    <property name="webdriver.chrome.driver" value="./tools/chromedriver.exe"/>
    <property name="java.vendor" value="Oracle Corporation"/>
    <property name="localRepository" value="E:\haotest\Selenium\maven\cangku\userlib"/>
    <property name="file.separator" value="\"/>
    <property name="java.vendor.url.bug" value="http://bugreport.sun.com/bugreport/"/>
    <property name="sun.cpu.endian" value="little"/>
    <property name="sun.io.unicode.encoding" value="UnicodeLittle"/>
    <property name="sun.desktop" value="windows"/>
    <property name="sun.cpu.isalist" value="amd64"/>
  </properties>
  <testcase classname="testcase.DiscuzLogin" name="login" time="2.563"/>
  <testcase classname="testcase.DiscuzPublish" name="publish" time="0.001">
    <failure type="java.lang.NullPointerException">java.lang.NullPointerException
	at pageHelper.LoginHelper.login(LoginHelper.java:41)
	at testcase.DiscuzPublish.publish(DiscuzPublish.java:16)
</failure>
  </testcase>
</testsuite>